  utils .cpp
d:\arnau\enti\3r\sdl_steering_behaviors\src\utils .cpp(5): fatal error C1083: No se puede abrir el archivo incluir: 'SDL.h': No such file or directory
  main.cpp
d:\arnau\enti\3r\sdl_steering_behaviors\src\main.cpp(2): fatal error C1083: No se puede abrir el archivo incluir: 'SDL.h': No such file or directory
  SteeringBehavior.cpp
d:\arnau\enti\3r\sdl_steering_behaviors\src\agent.h(4): fatal error C1083: No se puede abrir el archivo incluir: 'SDL.h': No such file or directory
  SceneWanderBehavior.cpp
d:\arnau\enti\3r\sdl_steering_behaviors\src\scene.h(3): fatal error C1083: No se puede abrir el archivo incluir: 'SDL.h': No such file or directory
  ScenePursue.cpp
d:\arnau\enti\3r\sdl_steering_behaviors\src\scene.h(3): fatal error C1083: No se puede abrir el archivo incluir: 'SDL.h': No such file or directory
  ScenePathFollowing.cpp
d:\arnau\enti\3r\sdl_steering_behaviors\src\scene.h(3): fatal error C1083: No se puede abrir el archivo incluir: 'SDL.h': No such file or directory
  SceneKinematicSeek .cpp
d:\arnau\enti\3r\sdl_steering_behaviors\src\scene.h(3): fatal error C1083: No se puede abrir el archivo incluir: 'SDL.h': No such file or directory
  SceneKinematicFlee.cpp
d:\arnau\enti\3r\sdl_steering_behaviors\src\scene.h(3): fatal error C1083: No se puede abrir el archivo incluir: 'SDL.h': No such file or directory
  SceneFlocking.cpp
d:\arnau\enti\3r\sdl_steering_behaviors\src\scene.h(3): fatal error C1083: No se puede abrir el archivo incluir: 'SDL.h': No such file or directory
  SceneEvade.cpp
d:\arnau\enti\3r\sdl_steering_behaviors\src\scene.h(3): fatal error C1083: No se puede abrir el archivo incluir: 'SDL.h': No such file or directory
  SDL_SimpleApp.cpp
d:\arnau\enti\3r\sdl_steering_behaviors\src\sdl_simpleapp.h(3): fatal error C1083: No se puede abrir el archivo incluir: 'SDL.h': No such file or directory
  Agent.cpp
d:\arnau\enti\3r\sdl_steering_behaviors\src\agent.h(4): fatal error C1083: No se puede abrir el archivo incluir: 'SDL.h': No such file or directory
  Generando código...
